Importer Log Report
Project : F143-MINI-KIT-902-FE-SMA_v1-0-2b.PrjPcb

Section : Analyze Document - C:\Users\fg8dfg\Documents\Goodie_Final\eagledir\axsem_lbr\axsem_actives_v1-9.lbr
    Analyzing data of C:\Users\fg8dfg\Documents\Goodie_Final\eagledir\axsem_lbr\axsem_actives_v1-9.lbr
    Load settings
    Load layers 67
    Load Library library
    Load Library ""
    Load Packages 17
    Load Symbols 19
    Load DeviceSets 15
EndSection

Section : Analyze Document - C:\Users\fg8dfg\Documents\Goodie_Final\eagledir\axsem_lbr\axsem_antenna_v1-2.lbr
    Analyzing data of C:\Users\fg8dfg\Documents\Goodie_Final\eagledir\axsem_lbr\axsem_antenna_v1-2.lbr
    Load settings
    Load layers 63
    Load Library library
    Load Library ""
    Load Packages 5
    Load Symbols 3
    Load DeviceSets 4
EndSection

Section : Analyze Document - C:\Users\fg8dfg\Documents\Goodie_Final\eagledir\axsem_lbr\axsem_connectors_v1-13.lbr
    Analyzing data of C:\Users\fg8dfg\Documents\Goodie_Final\eagledir\axsem_lbr\axsem_connectors_v1-13.lbr
    Load settings
    Load layers 63
    Load Library library
    Load Library ""
    Load Packages 46
    Load Symbols 25
    Load DeviceSets 28
EndSection

Section : Analyze Document - C:\Users\fg8dfg\Documents\Goodie_Final\eagledir\axsem_lbr\axsem_displays_v1-1.lbr
    Analyzing data of C:\Users\fg8dfg\Documents\Goodie_Final\eagledir\axsem_lbr\axsem_displays_v1-1.lbr
    Load settings
    Load layers 63
    Load Library library
    Load Library ""
    Load Packages 2
    Load Symbols 2
    Load DeviceSets 2
EndSection

Section : Analyze Document - C:\Users\fg8dfg\Documents\Goodie_Final\eagledir\axsem_lbr\axsem_modules_v1-0.lbr
    Analyzing data of C:\Users\fg8dfg\Documents\Goodie_Final\eagledir\axsem_lbr\axsem_modules_v1-0.lbr
    Load settings
    Load layers 74
    Load Library library
    Load Library ""
    Load Packages 2
    Load Symbols 3
    Load DeviceSets 2
EndSection

Section : Analyze Document - C:\Users\fg8dfg\Documents\Goodie_Final\eagledir\axsem_lbr\axsem_osc_v1-3.lbr
    Analyzing data of C:\Users\fg8dfg\Documents\Goodie_Final\eagledir\axsem_lbr\axsem_osc_v1-3.lbr
    Load settings
    Load layers 63
    Load Library library
    Load Library ""
    Load Packages 5
    Load Symbols 3
    Load DeviceSets 3
EndSection

Section : Analyze Document - C:\Users\fg8dfg\Documents\Goodie_Final\eagledir\axsem_lbr\axsem_other_modules_v1-0.lbr
    Analyzing data of C:\Users\fg8dfg\Documents\Goodie_Final\eagledir\axsem_lbr\axsem_other_modules_v1-0.lbr
    Load settings
    Load layers 59
    Load Library library
    Load Library ""
    Load Packages 1
    Load Symbols 1
    Load DeviceSets 1
EndSection

Section : Analyze Document - C:\Users\fg8dfg\Documents\Goodie_Final\eagledir\axsem_lbr\axsem_passives_v1-6.lbr
    Analyzing data of C:\Users\fg8dfg\Documents\Goodie_Final\eagledir\axsem_lbr\axsem_passives_v1-6.lbr
    Load settings
    Load layers 59
    Load Library library
    Load Library ""
    Load Packages 25
    Load Symbols 9
    Load DeviceSets 8
EndSection

Section : Analyze Document - C:\Users\fg8dfg\Documents\Goodie_Final\eagledir\axsem_lbr\axsem_production_v1-8.lbr
    Analyzing data of C:\Users\fg8dfg\Documents\Goodie_Final\eagledir\axsem_lbr\axsem_production_v1-8.lbr
    Load settings
    Load layers 68
    Load Library library
    Load Library ""
    Load Packages 22
    Load Symbols 27
    Load DeviceSets 25
EndSection

Section : Analyze Document - C:\Users\fg8dfg\Documents\Goodie_Final\eagledir\axsem_lbr\axsem_rf_shield.lbr
    Analyzing data of C:\Users\fg8dfg\Documents\Goodie_Final\eagledir\axsem_lbr\axsem_rf_shield.lbr
    Load settings
    Load layers 60
    Load Library library
    Load Library ""
    Load Packages 1
    Load Symbols 1
    Load DeviceSets 1
EndSection

Section : Analyze Document - C:\Users\fg8dfg\Documents\Goodie_Final\eagledir\axsem_lbr\axsem_rf_v1-3.lbr
    Analyzing data of C:\Users\fg8dfg\Documents\Goodie_Final\eagledir\axsem_lbr\axsem_rf_v1-3.lbr
    Load settings
    Load layers 72
    Load Library library
    Load Library ""
    Load Packages 11
    Load Symbols 13
    Load DeviceSets 11
EndSection

Section : Analyze Document - C:\Users\fg8dfg\Documents\Goodie_Final\eagledir\axsem_lbr\axsem_rpi_v1-0.lbr
    Analyzing data of C:\Users\fg8dfg\Documents\Goodie_Final\eagledir\axsem_lbr\axsem_rpi_v1-0.lbr
    Load settings
    Load layers 54
    Load Library library
    Load Library ""
    Load Packages 6
    Load Symbols 2
    Load DeviceSets 2
EndSection

Section : Analyze Document - C:\Users\fg8dfg\Documents\Goodie_Final\eagledir\axsem_lbr\axsem_sheets_v1-1.lbr
    Analyzing data of C:\Users\fg8dfg\Documents\Goodie_Final\eagledir\axsem_lbr\axsem_sheets_v1-1.lbr
    Load settings
    Load layers 59
    Load Library library
    Load Library ""
    Load Packages 1
    Load Symbols 2
    Load DeviceSets 2
EndSection

Section : Analyze Document - C:\Users\fg8dfg\Documents\Goodie_Final\eagledir\axsem_lbr\axsem_switches_v1-3.lbr
    Analyzing data of C:\Users\fg8dfg\Documents\Goodie_Final\eagledir\axsem_lbr\axsem_switches_v1-3.lbr
    Load settings
    Load layers 59
    Load Library library
    Load Library ""
    Load Packages 8
    Load Symbols 6
    Load DeviceSets 4
EndSection

Section : Analyze Document - C:\Users\fg8dfg\Documents\Goodie_Final\eagledir\axsem_lbr\axsem_symbols.lbr
    Analyzing data of C:\Users\fg8dfg\Documents\Goodie_Final\eagledir\axsem_lbr\axsem_symbols.lbr
    Load settings
    Load layers 59
    Load Library library
    Load Library ""
    Load Packages 5
    Load Symbols 2
    Load DeviceSets 2
EndSection

Section : Analyze Document - C:\Users\fg8dfg\Documents\Goodie_Final\eagledir\axsem_lbr\axsem_testjigs.lbr
    Analyzing data of C:\Users\fg8dfg\Documents\Goodie_Final\eagledir\axsem_lbr\axsem_testjigs.lbr
    Load settings
    Load layers 74
    Load Library library
    Load Library ""
    Load Packages 14
    Load Symbols 5
    Load DeviceSets 5
EndSection

Section : Analyze Document - C:\Users\fg8dfg\Documents\Goodie_Final\eagledir\axsem_lbr\axsem_testpad_v1-5.lbr
    Analyzing data of C:\Users\fg8dfg\Documents\Goodie_Final\eagledir\axsem_lbr\axsem_testpad_v1-5.lbr
    Load settings
    Load layers 59
    Load Library library
    Load Library ""
    Load Packages 10
    Load Symbols 1
    Load DeviceSets 3
EndSection

Section : Analyze Document - C:\Users\fg8dfg\Documents\Goodie_Final\eagledir\axsem_lbr\axsem_v4-24.lbr
    Analyzing data of C:\Users\fg8dfg\Documents\Goodie_Final\eagledir\axsem_lbr\axsem_v4-24.lbr
    Load settings
    Load layers 64
    Load Library library
    Load Library ""
    Load Packages 14
    Load Symbols 19
    Load DeviceSets 16
EndSection

Section : Analyze Document - C:\Users\fg8dfg\Documents\Goodie_Final\eagledir\axsem_lbr\axsem_v4-25.lbr
    Analyzing data of C:\Users\fg8dfg\Documents\Goodie_Final\eagledir\axsem_lbr\axsem_v4-25.lbr
    Load settings
    Load layers 64
    Load Library library
    Load Library ""
    Load Packages 14
    Load Symbols 20
    Load DeviceSets 17
EndSection

Section : Analyze Document - C:\Users\fg8dfg\Documents\Goodie_Final\eagledir\axsem_lbr\axsem_zoorion_modules_v1-0.lbr
    Analyzing data of C:\Users\fg8dfg\Documents\Goodie_Final\eagledir\axsem_lbr\axsem_zoorion_modules_v1-0.lbr
    Load settings
    Load layers 59
    Load Library library
    Load Library ""
    Load Packages 1
    Load Symbols 1
    Load DeviceSets 1
EndSection

Section : Analyze Document - C:\Users\fg8dfg\Documents\Goodie_Final\eagledir\axsem_lbr\piox-bee.lbr
    Analyzing data of C:\Users\fg8dfg\Documents\Goodie_Final\eagledir\axsem_lbr\piox-bee.lbr
    Load settings
    Load layers 59
    Load Library library
    Load Library ""
    Load Packages 3
    Load Symbols 2
    Load DeviceSets 2
EndSection

Section : Analyze Document - C:\Users\fg8dfg\Documents\Goodie_Final\eagledir\axsem_rf_v1-3.lbr
    Analyzing data of C:\Users\fg8dfg\Documents\Goodie_Final\eagledir\axsem_rf_v1-3.lbr
    Load settings
    Load layers 72
    Load Library library
    Load Library ""
    Load Packages 11
    Load Symbols 13
    Load DeviceSets 11
EndSection

Section : Analyze Document - C:\Users\fg8dfg\Documents\Goodie_Final\F143-MINI-KIT-902-FE-SMA\F143-MINI-KIT-902-FE-SMA_v1-0-2b.brd
    Analyzing data of C:\Users\fg8dfg\Documents\Goodie_Final\F143-MINI-KIT-902-FE-SMA\F143-MINI-KIT-902-FE-SMA_v1-0-2b.brd
    Load settings
    Load layers 74
    Load Library "axsem_testpad_v1-0"
    Load Packages 1
    Load Library "axsem_switches_v1.2"
    Load Packages 1
    Load Library "axsem_passives_v1-4"
    Load Packages 3
    Load Library "axsem_osc_v1-2"
    Load Packages 1
    Load Library "axsem_connectors_v1-5"
    Load Packages 2
    Load Library "axsem_passives_v1-5"
    Load Packages 2
    Load Library "axsem_sheets_v1-1"
    Load Packages 1
    Load Library "axsem_rf_v1-3"
    Load Packages 2
    Load Library "testpad"
    Load Packages 1
    Load Library "axsem_passives_v1-7"
    Load Packages 1
    Load Library "axsem_osc_v1-3"
    Load Packages 1
    Load Library "axsem_v4-26"
    Load Packages 1
    ERROR: Unhandled typeerrors
EndSection

Section : Analyze Document - C:\Users\fg8dfg\Documents\Goodie_Final\F143-MINI-KIT-902-FE-SMA\F143-MINI-KIT-902-FE-SMA_v1-0-2b.sch
    Analyzing data of C:\Users\fg8dfg\Documents\Goodie_Final\F143-MINI-KIT-902-FE-SMA\F143-MINI-KIT-902-FE-SMA_v1-0-2b.sch
    Load settings
    Load layers 74
    Load schematic
    Load Libraries 13
    Load Library "supply1"
    Load Packages 0
    Load Symbols 1
    Load DeviceSets 1
    Load Library "axsem_testpad_v1-0"
    Load Packages 4
    Load Symbols 1
    Load DeviceSets 1
    Load Library "axsem_switches_v1.2"
    Load Packages 4
    Load Symbols 1
    Load DeviceSets 1
    Load Library "axsem_passives_v1-4"
    Load Packages 13
    Load Symbols 3
    Load DeviceSets 3
    Load Library "axsem_osc_v1-2"
    Load Packages 2
    Load Symbols 1
    Load DeviceSets 1
    Load Library "axsem_connectors_v1-5"
    Load Packages 4
    Load Symbols 3
    Load DeviceSets 2
    Load Library "axsem_passives_v1-5"
    Load Packages 4
    Load Symbols 1
    Load DeviceSets 1
    Load Library "axsem_sheets_v1-1"
    Load Packages 1
    Load Symbols 1
    Load DeviceSets 1
    Load Library "axsem_rf_v1-3"
    Load Packages 2
    Load Symbols 2
    Load DeviceSets 2
    Load Library "testpad"
    Load Packages 38
    Load Symbols 1
    Load DeviceSets 1
    Load Library "axsem_passives_v1-7"
    Load Packages 9
    Load Symbols 1
    Load DeviceSets 1
    Load Library "axsem_osc_v1-3"
    Load Packages 3
    Load Symbols 1
    Load DeviceSets 1
    Load Library "axsem_v4-26"
    Load Packages 1
    Load Symbols 2
    Load DeviceSets 1
    Load Attributes 0
    Load Classes 1
    Load Parts 125
    Load Sheets 1
    ERROR: Unhandled typeerrors
EndSection
