Removed Pin From Net: NetName=N$5 Pin=X2-1
Removed Pin From Net: NetName=GND Pin=X2-2@1
Removed Pin From Net: NetName=GND Pin=X2-2@2
Removed Pin From Net: NetName=GND Pin=X2-2@3
Removed Pin From Net: NetName=GND Pin=X2-2@4
Removed Pin From Net: NetName=GND Pin=X2-2@5
Removed Pin From Net: NetName=GND Pin=X2-2@6
Change Component Designator: OldDesignator=C11_1 NewDesignator=C10
Change Component Designator: OldDesignator=R11_1 NewDesignator=R18
Added Pin To Net: NetName=N$5 Pin=ANT1-0
Added Pin To Net: NetName=GND Pin=Batt2--
Added Pin To Net: NetName=GND Pin=Batt2--
Added Pin To Net: NetName=GND Pin=Batt2--
Added Pin To Net: NetName=GND Pin=C10-1
Added Pin To Net: NetName=GND Pin=C15-1
Added Pin To Net: NetName=GND Pin=C16-1
Added Pin To Net: NetName=GND Pin=C17-1
Added Pin To Net: NetName=GND Pin=C18-1
Added Pin To Net: NetName=VSUP Pin=C18-2
Added Pin To Net: NetName=GND Pin=IC2-7
Added Pin To Net: NetName=PC2 Pin=IC2-8
Added Pin To Net: NetName=VSUP Pin=IC2-14
Added Pin To Net: NetName=GND Pin=R15-2
Added Pin To Net: NetName=VSUP Pin=R16-1
Added Pin To Net: NetName=VSUP Pin=R17-2
Added Pin To Net: NetName=GND Pin=R21-1
Added Pin To Net: NetName=GND Pin=R22-1
Added Pin To Net: NetName=PC3 Pin=R23-2
Added Pin To Net: NetName=GND Pin=S2-3
Added Pin To Net: NetName=VSUP Pin=SW1-1
Added Pin To Net: NetName=VSUP Pin=SW1-1
Change Net Name : Old Net Name=N$1 New Net Name=NetU$2_14
Change Net Name : Old Net Name=N$2 New Net Name=NetLED1_C
Change Net Name : Old Net Name=N$3 New Net Name=NetCH3_1
Change Net Name : Old Net Name=N$4 New Net Name=NetCH2_1
Change Net Name : Old Net Name=N$5 New Net Name=NetANT1_0
Change Net Name : Old Net Name=N$6 New Net Name=NetR4_4
Change Net Name : Old Net Name=N$8 New Net Name=NetLPA1_1
Change Net Name : Old Net Name=N$9 New Net Name=NetLPA2_1
Change Net Name : Old Net Name=N$10 New Net Name=NetQ2_1
Change Net Name : Old Net Name=N$11 New Net Name=NetC9_2
Change Net Name : Old Net Name=N$12 New Net Name=NetCPA8_1
Change Net Name : Old Net Name=N$14 New Net Name=NetR7_3
Change Net Name : Old Net Name=N$17 New Net Name=NetCPA8_2
Change Net Name : Old Net Name=N$23 New Net Name=NetCB2_1
Added Pin To Net: NetName=NetBatt1_+ Pin=Batt1-+
Added Pin To Net: NetName=NetBatt1_+ Pin=Batt1-+
Added Pin To Net: NetName=NetBatt1_+ Pin=Batt1-+
Added Pin To Net: NetName=NetBatt1_+ Pin=SW1-2
Added Pin To Net: NetName=NetBatt1_+ Pin=SW1-2
Added Net: Name=NetBatt1_+
Added Pin To Net: NetName=NetBatt1_- Pin=Batt1--
Added Pin To Net: NetName=NetBatt1_- Pin=Batt1--
Added Pin To Net: NetName=NetBatt1_- Pin=Batt1--
Added Pin To Net: NetName=NetBatt1_- Pin=Batt2-+
Added Pin To Net: NetName=NetBatt1_- Pin=Batt2-+
Added Pin To Net: NetName=NetBatt1_- Pin=Batt2-+
Added Net: Name=NetBatt1_-
Added Pin To Net: NetName=NetC10_2 Pin=C10-2
Added Pin To Net: NetName=NetC10_2 Pin=R18-1
Added Net: Name=NetC10_2
Added Pin To Net: NetName=NetC12_1 Pin=C12-1
Added Pin To Net: NetName=NetC12_1 Pin=C13-2
Added Pin To Net: NetName=NetC12_1 Pin=IC2-3
Added Pin To Net: NetName=NetC12_1 Pin=R12-2
Added Net: Name=NetC12_1
Added Pin To Net: NetName=NetC12_2 Pin=C12-2
Added Pin To Net: NetName=NetC12_2 Pin=IC2-4
Added Pin To Net: NetName=NetC12_2 Pin=R12-1
Added Pin To Net: NetName=NetC12_2 Pin=R18-2
Added Net: Name=NetC12_2
Added Pin To Net: NetName=NetC13_1 Pin=C13-1
Added Pin To Net: NetName=NetC13_1 Pin=R13-2
Added Net: Name=NetC13_1
Added Pin To Net: NetName=NetC14_1 Pin=C14-1
Added Pin To Net: NetName=NetC14_1 Pin=IC2-2
Added Pin To Net: NetName=NetC14_1 Pin=Pot1-1
Added Pin To Net: NetName=NetC14_1 Pin=R13-1
Added Pin To Net: NetName=NetC14_1 Pin=R19-1
Added Net: Name=NetC14_1
Added Pin To Net: NetName=NetC14_2 Pin=C14-2
Added Pin To Net: NetName=NetC14_2 Pin=IC2-1
Added Pin To Net: NetName=NetC14_2 Pin=R14-1
Added Pin To Net: NetName=NetC14_2 Pin=T_OP2_O-P$1
Added Net: Name=NetC14_2
Added Pin To Net: NetName=NetC15_2 Pin=C15-2
Added Pin To Net: NetName=NetC15_2 Pin=IC2-5
Added Pin To Net: NetName=NetC15_2 Pin=R15-1
Added Pin To Net: NetName=NetC15_2 Pin=S2-2
Added Net: Name=NetC15_2
Added Pin To Net: NetName=NetC16_2 Pin=C16-2
Added Pin To Net: NetName=NetC16_2 Pin=IC2-6
Added Pin To Net: NetName=NetC16_2 Pin=S2-1
Added Net: Name=NetC16_2
Added Pin To Net: NetName=NetC17_2 Pin=C17-2
Added Pin To Net: NetName=NetC17_2 Pin=IC2-13
Added Pin To Net: NetName=NetC17_2 Pin=Pot2-3
Added Pin To Net: NetName=NetC17_2 Pin=R20-1
Added Net: Name=NetC17_2
Added Pin To Net: NetName=NetIC2_9 Pin=IC2-9
Added Pin To Net: NetName=NetIC2_9 Pin=LED2-C
Added Net: Name=NetIC2_9
Added Pin To Net: NetName=NetIC2_10 Pin=IC2-10
Added Pin To Net: NetName=NetIC2_10 Pin=R21-2
Added Net: Name=NetIC2_10
Added Pin To Net: NetName=NetIC2_12 Pin=IC2-12
Added Pin To Net: NetName=NetIC2_12 Pin=R22-2
Added Pin To Net: NetName=NetIC2_12 Pin=R23-1
Added Net: Name=NetIC2_12
Added Pin To Net: NetName=NetLED2_A Pin=LED2-A
Added Pin To Net: NetName=NetLED2_A Pin=R16-2
Added Net: Name=NetLED2_A
Added Pin To Net: NetName=NetPot1_2 Pin=Pot1-2
Added Pin To Net: NetName=NetPot1_2 Pin=R14-2
Added Pin To Net: NetName=NetPot1_2 Pin=R19-2
Added Net: Name=NetPot1_2
Added Pin To Net: NetName=NetPot2_2 Pin=Pot2-2
Added Pin To Net: NetName=NetPot2_2 Pin=R17-1
Added Pin To Net: NetName=NetPot2_2 Pin=R20-2
Added Net: Name=NetPot2_2
Added Class: Name=Designator
Added Class: Name=F143-MINI-KIT-902-FE-SMA_v1-0-2b
Added Room: Name=Designator
Added Room: Name=F143-MINI-KIT-902-FE-SMA_v1-0-2b
